Сборка начата 29.10.2021 17:09:55.
Уровень детализации журнала: Normal.     1>Проект "E:\Основы проги и алгоритмизации(Белоед)\Лабы\Laba7\z1\d\d.vcxproj" в узле 2 (целевые объекты Build).
     1>InitializeBuildStatus:
         Обращение к "Debug\d.tlog\unsuccessfulbuild".
       ClCompile:
         C:\Program Files (x86)\Microsoft Visual Studio\2019\Community\VC\Tools\MSVC\14.27.29110\bin\HostX86\x86\CL.exe /c /ZI /JMC /nologo /W3 /WX- /diagnostics:column /sdl /Od /Oy- /D WIN32 /D _DEBUG /D _CONSOLE /D _UNICODE /D UNICODE /Gm- /EHsc /RTC1 /MDd /GS /fp:precise /permissive- /Zc:wchar_t /Zc:forScope /Zc:inline /Fo"Debug\\" /Fd"Debug\vc142.pdb" /Gd /TP /analyze- /FC /errorReport:prompt d.cpp
         d.cpp
     1>E:\Основы проги и алгоритмизации(Белоед)\Лабы\Laba7\z1\d\d.cpp(3,15): error C2065: LC_CTYPE: необъявленный идентификатор
     1>E:\Основы проги и алгоритмизации(Белоед)\Лабы\Laba7\z1\d\d.cpp(3,5): error C3861: setlocale: идентификатор не найден
     1>E:\Основы проги и алгоритмизации(Белоед)\Лабы\Laba7\z1\d\d.cpp(6,5): error C2065: cout: необъявленный идентификатор
     1>E:\Основы проги и алгоритмизации(Белоед)\Лабы\Laba7\z1\d\d.cpp(7,5): error C2065: cin: необъявленный идентификатор
     1>E:\Основы проги и алгоритмизации(Белоед)\Лабы\Laba7\z1\d\d.cpp(11,9): error C2065: cout: необъявленный идентификатор
     1>E:\Основы проги и алгоритмизации(Белоед)\Лабы\Laba7\z1\d\d.cpp(12,9): error C2065: cin: необъявленный идентификатор
     1>E:\Основы проги и алгоритмизации(Белоед)\Лабы\Laba7\z1\d\d.cpp(19,5): error C2065: cout: необъявленный идентификатор
     1>E:\Основы проги и алгоритмизации(Белоед)\Лабы\Laba7\z1\d\d.cpp(20,5): error C2065: cin: необъявленный идентификатор
     1>E:\Основы проги и алгоритмизации(Белоед)\Лабы\Laba7\z1\d\d.cpp(20,16): error C2065: cin: необъявленный идентификатор
     1>E:\Основы проги и алгоритмизации(Белоед)\Лабы\Laba7\z1\d\d.cpp(2): fatal error C1075: "{": не найдена несоответствующая лексема
     1>Сборка проекта "E:\Основы проги и алгоритмизации(Белоед)\Лабы\Laba7\z1\d\d.vcxproj" завершена (целевые объекты Build) с ошибкой.

Ошибка сборки.

       "E:\Основы проги и алгоритмизации(Белоед)\Лабы\Laba7\z1\d\d.vcxproj" (целевой объект Build ) (1) ->
       (Целевой объект ClCompile) -> 
         E:\Основы проги и алгоритмизации(Белоед)\Лабы\Laba7\z1\d\d.cpp(3,15): error C2065: LC_CTYPE: необъявленный идентификатор
         E:\Основы проги и алгоритмизации(Белоед)\Лабы\Laba7\z1\d\d.cpp(3,5): error C3861: setlocale: идентификатор не найден
         E:\Основы проги и алгоритмизации(Белоед)\Лабы\Laba7\z1\d\d.cpp(6,5): error C2065: cout: необъявленный идентификатор
         E:\Основы проги и алгоритмизации(Белоед)\Лабы\Laba7\z1\d\d.cpp(7,5): error C2065: cin: необъявленный идентификатор
         E:\Основы проги и алгоритмизации(Белоед)\Лабы\Laba7\z1\d\d.cpp(11,9): error C2065: cout: необъявленный идентификатор
         E:\Основы проги и алгоритмизации(Белоед)\Лабы\Laba7\z1\d\d.cpp(12,9): error C2065: cin: необъявленный идентификатор
         E:\Основы проги и алгоритмизации(Белоед)\Лабы\Laba7\z1\d\d.cpp(19,5): error C2065: cout: необъявленный идентификатор
         E:\Основы проги и алгоритмизации(Белоед)\Лабы\Laba7\z1\d\d.cpp(20,5): error C2065: cin: необъявленный идентификатор
         E:\Основы проги и алгоритмизации(Белоед)\Лабы\Laba7\z1\d\d.cpp(20,16): error C2065: cin: необъявленный идентификатор
         E:\Основы проги и алгоритмизации(Белоед)\Лабы\Laba7\z1\d\d.cpp(2): fatal error C1075: "{": не найдена несоответствующая лексема

    Предупреждений: 0
    Ошибок: 10

Прошло времени 00:00:08.97
