Сборка начата 01.10.2021 16:51:22.
Уровень детализации журнала: Normal.     1>Проект "F:\Основы проги и алгоритмизации\ЛР4\4.6\4.6.vcxproj" в узле 2 (целевые объекты Build).
     1>InitializeBuildStatus:
         Обращение к "Debug\4.6.tlog\unsuccessfulbuild".
       ClCompile:
         C:\Program Files (x86)\Microsoft Visual Studio\2019\Community\VC\Tools\MSVC\14.27.29110\bin\HostX86\x86\CL.exe /c /ZI /JMC /nologo /W3 /WX- /diagnostics:column /sdl /Od /Oy- /D WIN32 /D _DEBUG /D _CONSOLE /D _UNICODE /D UNICODE /Gm- /EHsc /RTC1 /MDd /GS /fp:precise /permissive- /Zc:wchar_t /Zc:forScope /Zc:inline /Fo"Debug\\" /Fd"Debug\vc142.pdb" /Gd /TP /analyze- /FC /errorReport:prompt 4.3dop.cpp
         4.3dop.cpp
     1>F:\Основы проги и алгоритмизации\ЛР4\4.6\4.3dop.cpp(4,1): warning C4326: возвращаемый тип "main" должен быть "int", а не "void"
     1>F:\Основы проги и алгоритмизации\ЛР4\4.6\4.3dop.cpp(12,21): warning C4554: "&": проверьте приоритет операторов на ошибки; для уточнения приоритета используйте скобки
     1>F:\Основы проги и алгоритмизации\ЛР4\4.6\4.3dop.cpp(14,26): warning C4554: "&": проверьте приоритет операторов на ошибки; для уточнения приоритета используйте скобки
     1>F:\Основы проги и алгоритмизации\ЛР4\4.6\4.3dop.cpp(16,26): warning C4554: "&": проверьте приоритет операторов на ошибки; для уточнения приоритета используйте скобки
     1>F:\Основы проги и алгоритмизации\ЛР4\4.6\4.3dop.cpp(18,26): warning C4554: "&": проверьте приоритет операторов на ошибки; для уточнения приоритета используйте скобки
     1>F:\Основы проги и алгоритмизации\ЛР4\4.6\4.3dop.cpp(20,26): warning C4554: "&": проверьте приоритет операторов на ошибки; для уточнения приоритета используйте скобки
     1>F:\Основы проги и алгоритмизации\ЛР4\4.6\4.3dop.cpp(22,26): warning C4554: "&": проверьте приоритет операторов на ошибки; для уточнения приоритета используйте скобки
     1>F:\Основы проги и алгоритмизации\ЛР4\4.6\4.3dop.cpp(24,26): warning C4554: "&": проверьте приоритет операторов на ошибки; для уточнения приоритета используйте скобки
     1>F:\Основы проги и алгоритмизации\ЛР4\4.6\4.3dop.cpp(26,26): warning C4554: "&": проверьте приоритет операторов на ошибки; для уточнения приоритета используйте скобки
     1>F:\Основы проги и алгоритмизации\ЛР4\4.6\4.3dop.cpp(28,26): warning C4554: "&": проверьте приоритет операторов на ошибки; для уточнения приоритета используйте скобки
     1>F:\Основы проги и алгоритмизации\ЛР4\4.6\4.3dop.cpp(30,26): warning C4554: "&": проверьте приоритет операторов на ошибки; для уточнения приоритета используйте скобки
     1>F:\Основы проги и алгоритмизации\ЛР4\4.6\4.3dop.cpp(32,26): warning C4554: "&": проверьте приоритет операторов на ошибки; для уточнения приоритета используйте скобки
     1>F:\Основы проги и алгоритмизации\ЛР4\4.6\4.3dop.cpp(34,26): warning C4554: "&": проверьте приоритет операторов на ошибки; для уточнения приоритета используйте скобки
     1>F:\Основы проги и алгоритмизации\ЛР4\4.6\4.3dop.cpp(36,26): warning C4554: "&": проверьте приоритет операторов на ошибки; для уточнения приоритета используйте скобки
     1>F:\Основы проги и алгоритмизации\ЛР4\4.6\4.3dop.cpp(38,26): warning C4554: "&": проверьте приоритет операторов на ошибки; для уточнения приоритета используйте скобки
     1>F:\Основы проги и алгоритмизации\ЛР4\4.6\4.3dop.cpp(40,26): warning C4554: "&": проверьте приоритет операторов на ошибки; для уточнения приоритета используйте скобки
     1>F:\Основы проги и алгоритмизации\ЛР4\4.6\4.3dop.cpp(42,26): warning C4554: "&": проверьте приоритет операторов на ошибки; для уточнения приоритета используйте скобки
     1>F:\Основы проги и алгоритмизации\ЛР4\4.6\4.3dop.cpp(44,26): warning C4554: "&": проверьте приоритет операторов на ошибки; для уточнения приоритета используйте скобки
     1>F:\Основы проги и алгоритмизации\ЛР4\4.6\4.3dop.cpp(46,26): warning C4554: "&": проверьте приоритет операторов на ошибки; для уточнения приоритета используйте скобки
     1>F:\Основы проги и алгоритмизации\ЛР4\4.6\4.3dop.cpp(48,26): warning C4554: "&": проверьте приоритет операторов на ошибки; для уточнения приоритета используйте скобки
     1>F:\Основы проги и алгоритмизации\ЛР4\4.6\4.3dop.cpp(50,26): warning C4554: "&": проверьте приоритет операторов на ошибки; для уточнения приоритета используйте скобки
     1>F:\Основы проги и алгоритмизации\ЛР4\4.6\4.3dop.cpp(52,26): warning C4554: "&": проверьте приоритет операторов на ошибки; для уточнения приоритета используйте скобки
     1>F:\Основы проги и алгоритмизации\ЛР4\4.6\4.3dop.cpp(54,26): warning C4554: "&": проверьте приоритет операторов на ошибки; для уточнения приоритета используйте скобки
     1>F:\Основы проги и алгоритмизации\ЛР4\4.6\4.3dop.cpp(56,26): warning C4554: "&": проверьте приоритет операторов на ошибки; для уточнения приоритета используйте скобки
       Link:
         C:\Program Files (x86)\Microsoft Visual Studio\2019\Community\VC\Tools\MSVC\14.27.29110\bin\HostX86\x86\link.exe /ERRORREPORT:PROMPT /OUT:"F:\Основы проги и алгоритмизации\ЛР4\Debug\4.6.exe" /INCREMENTAL /NOLOGO kernel32.lib user32.lib gdi32.lib winspool.lib comdlg32.lib advapi32.lib shell32.lib ole32.lib oleaut32.lib uuid.lib odbc32.lib odbccp32.lib /MANIFEST /MANIFESTUAC:"level='asInvoker' uiAccess='false'" /manifest:embed /DEBUG:FASTLINK /PDB:"F:\Основы проги и алгоритмизации\ЛР4\Debug\4.6.pdb" /SUBSYSTEM:CONSOLE /TLBID:1 /DYNAMICBASE /NXCOMPAT /IMPLIB:"F:\Основы проги и алгоритмизации\ЛР4\Debug\4.6.lib" /MACHINE:X86 Debug\4.3dop.obj
         4.6.vcxproj -> F:\Основы проги и алгоритмизации\ЛР4\Debug\4.6.exe
       FinalizeBuildStatus:
         Файл "Debug\4.6.tlog\unsuccessfulbuild" удаляется.
         Обращение к "Debug\4.6.tlog\4.6.lastbuildstate".
     1>Сборка проекта "F:\Основы проги и алгоритмизации\ЛР4\4.6\4.6.vcxproj" завершена (целевые объекты Build).

Сборка успешно завершена.

       "F:\Основы проги и алгоритмизации\ЛР4\4.6\4.6.vcxproj" (целевой объект Build ) (1) ->
       (Целевой объект ClCompile) -> 
         F:\Основы проги и алгоритмизации\ЛР4\4.6\4.3dop.cpp(4,1): warning C4326: возвращаемый тип "main" должен быть "int", а не "void"
         F:\Основы проги и алгоритмизации\ЛР4\4.6\4.3dop.cpp(12,21): warning C4554: "&": проверьте приоритет операторов на ошибки; для уточнения приоритета используйте скобки
         F:\Основы проги и алгоритмизации\ЛР4\4.6\4.3dop.cpp(14,26): warning C4554: "&": проверьте приоритет операторов на ошибки; для уточнения приоритета используйте скобки
         F:\Основы проги и алгоритмизации\ЛР4\4.6\4.3dop.cpp(16,26): warning C4554: "&": проверьте приоритет операторов на ошибки; для уточнения приоритета используйте скобки
         F:\Основы проги и алгоритмизации\ЛР4\4.6\4.3dop.cpp(18,26): warning C4554: "&": проверьте приоритет операторов на ошибки; для уточнения приоритета используйте скобки
         F:\Основы проги и алгоритмизации\ЛР4\4.6\4.3dop.cpp(20,26): warning C4554: "&": проверьте приоритет операторов на ошибки; для уточнения приоритета используйте скобки
         F:\Основы проги и алгоритмизации\ЛР4\4.6\4.3dop.cpp(22,26): warning C4554: "&": проверьте приоритет операторов на ошибки; для уточнения приоритета используйте скобки
         F:\Основы проги и алгоритмизации\ЛР4\4.6\4.3dop.cpp(24,26): warning C4554: "&": проверьте приоритет операторов на ошибки; для уточнения приоритета используйте скобки
         F:\Основы проги и алгоритмизации\ЛР4\4.6\4.3dop.cpp(26,26): warning C4554: "&": проверьте приоритет операторов на ошибки; для уточнения приоритета используйте скобки
         F:\Основы проги и алгоритмизации\ЛР4\4.6\4.3dop.cpp(28,26): warning C4554: "&": проверьте приоритет операторов на ошибки; для уточнения приоритета используйте скобки
         F:\Основы проги и алгоритмизации\ЛР4\4.6\4.3dop.cpp(30,26): warning C4554: "&": проверьте приоритет операторов на ошибки; для уточнения приоритета используйте скобки
         F:\Основы проги и алгоритмизации\ЛР4\4.6\4.3dop.cpp(32,26): warning C4554: "&": проверьте приоритет операторов на ошибки; для уточнения приоритета используйте скобки
         F:\Основы проги и алгоритмизации\ЛР4\4.6\4.3dop.cpp(34,26): warning C4554: "&": проверьте приоритет операторов на ошибки; для уточнения приоритета используйте скобки
         F:\Основы проги и алгоритмизации\ЛР4\4.6\4.3dop.cpp(36,26): warning C4554: "&": проверьте приоритет операторов на ошибки; для уточнения приоритета используйте скобки
         F:\Основы проги и алгоритмизации\ЛР4\4.6\4.3dop.cpp(38,26): warning C4554: "&": проверьте приоритет операторов на ошибки; для уточнения приоритета используйте скобки
         F:\Основы проги и алгоритмизации\ЛР4\4.6\4.3dop.cpp(40,26): warning C4554: "&": проверьте приоритет операторов на ошибки; для уточнения приоритета используйте скобки
         F:\Основы проги и алгоритмизации\ЛР4\4.6\4.3dop.cpp(42,26): warning C4554: "&": проверьте приоритет операторов на ошибки; для уточнения приоритета используйте скобки
         F:\Основы проги и алгоритмизации\ЛР4\4.6\4.3dop.cpp(44,26): warning C4554: "&": проверьте приоритет операторов на ошибки; для уточнения приоритета используйте скобки
         F:\Основы проги и алгоритмизации\ЛР4\4.6\4.3dop.cpp(46,26): warning C4554: "&": проверьте приоритет операторов на ошибки; для уточнения приоритета используйте скобки
         F:\Основы проги и алгоритмизации\ЛР4\4.6\4.3dop.cpp(48,26): warning C4554: "&": проверьте приоритет операторов на ошибки; для уточнения приоритета используйте скобки
         F:\Основы проги и алгоритмизации\ЛР4\4.6\4.3dop.cpp(50,26): warning C4554: "&": проверьте приоритет операторов на ошибки; для уточнения приоритета используйте скобки
         F:\Основы проги и алгоритмизации\ЛР4\4.6\4.3dop.cpp(52,26): warning C4554: "&": проверьте приоритет операторов на ошибки; для уточнения приоритета используйте скобки
         F:\Основы проги и алгоритмизации\ЛР4\4.6\4.3dop.cpp(54,26): warning C4554: "&": проверьте приоритет операторов на ошибки; для уточнения приоритета используйте скобки
         F:\Основы проги и алгоритмизации\ЛР4\4.6\4.3dop.cpp(56,26): warning C4554: "&": проверьте приоритет операторов на ошибки; для уточнения приоритета используйте скобки

    Предупреждений: 24
    Ошибок: 0

Прошло времени 00:00:28.61
