Сборка начата 22.10.2021 17:47:48.
Уровень детализации журнала: Normal.     1>Проект "E:\Основы проги и алгоритмизации(Белоед)\Лабы\Laba7\z1\z1\z1.vcxproj" в узле 2 (целевые объекты Build).
     1>InitializeBuildStatus:
         Создание "Debug\z1.tlog\unsuccessfulbuild", так как было задано "AlwaysCreate".
       ClCompile:
         C:\Program Files (x86)\Microsoft Visual Studio\2019\Community\VC\Tools\MSVC\14.27.29110\bin\HostX86\x86\CL.exe /c /ZI /JMC /nologo /W3 /WX- /diagnostics:column /sdl /Od /Oy- /D WIN32 /D _DEBUG /D _CONSOLE /D _UNICODE /D UNICODE /Gm- /EHsc /RTC1 /MDd /GS /fp:precise /permissive- /Zc:wchar_t /Zc:forScope /Zc:inline /Fo"Debug\\" /Fd"Debug\vc142.pdb" /Gd /TP /analyze- /FC /errorReport:prompt z1.cpp
         z1.cpp
     1>E:\Основы проги и алгоритмизации(Белоед)\Лабы\Laba7\z1\z1\z1.cpp(4,1): warning C4326: возвращаемый тип "main" должен быть "int", а не "void"
       Link:
         C:\Program Files (x86)\Microsoft Visual Studio\2019\Community\VC\Tools\MSVC\14.27.29110\bin\HostX86\x86\link.exe /ERRORREPORT:PROMPT /OUT:"E:\Основы проги и алгоритмизации(Белоед)\Лабы\Laba7\z1\Debug\z1.exe" /INCREMENTAL /NOLOGO kernel32.lib user32.lib gdi32.lib winspool.lib comdlg32.lib advapi32.lib shell32.lib ole32.lib oleaut32.lib uuid.lib odbc32.lib odbccp32.lib /MANIFEST /MANIFESTUAC:"level='asInvoker' uiAccess='false'" /manifest:embed /DEBUG:FASTLINK /PDB:"E:\Основы проги и алгоритмизации(Белоед)\Лабы\Laba7\z1\Debug\z1.pdb" /SUBSYSTEM:CONSOLE /TLBID:1 /DYNAMICBASE /NXCOMPAT /IMPLIB:"E:\Основы проги и алгоритмизации(Белоед)\Лабы\Laba7\z1\Debug\z1.lib" /MACHINE:X86 Debug\z1.obj
         z1.vcxproj -> E:\Основы проги и алгоритмизации(Белоед)\Лабы\Laba7\z1\Debug\z1.exe
       FinalizeBuildStatus:
         Файл "Debug\z1.tlog\unsuccessfulbuild" удаляется.
         Обращение к "Debug\z1.tlog\z1.lastbuildstate".
     1>Сборка проекта "E:\Основы проги и алгоритмизации(Белоед)\Лабы\Laba7\z1\z1\z1.vcxproj" завершена (целевые объекты Build).

Сборка успешно завершена.

       "E:\Основы проги и алгоритмизации(Белоед)\Лабы\Laba7\z1\z1\z1.vcxproj" (целевой объект Build ) (1) ->
       (Целевой объект ClCompile) -> 
         E:\Основы проги и алгоритмизации(Белоед)\Лабы\Laba7\z1\z1\z1.cpp(4,1): warning C4326: возвращаемый тип "main" должен быть "int", а не "void"

    Предупреждений: 1
    Ошибок: 0

Прошло времени 00:00:36.73
