Сборка начата 26.11.2021 17:29:08.
Уровень детализации журнала: Normal.     1>Проект "E:\Основы проги и алгоритмизации(Белоед)\Лабы\Laba11\11\11\11.3\11.3.vcxproj" в узле 2 (целевые объекты Build).
     1>InitializeBuildStatus:
         Обращение к "Debug\11.3.tlog\unsuccessfulbuild".
       ClCompile:
         C:\Program Files (x86)\Microsoft Visual Studio\2019\Community\VC\Tools\MSVC\14.27.29110\bin\HostX86\x86\CL.exe /c /ZI /JMC /nologo /W3 /WX- /diagnostics:column /sdl /Od /Oy- /D WIN32 /D _DEBUG /D _CONSOLE /D _UNICODE /D UNICODE /Gm- /EHsc /RTC1 /MDd /GS /fp:precise /permissive- /Zc:wchar_t /Zc:forScope /Zc:inline /Fo"Debug\\" /Fd"Debug\vc142.pdb" /Gd /TP /analyze- /FC /errorReport:prompt 2.cpp
         2.cpp
     1>E:\Основы проги и алгоритмизации(Белоед)\Лабы\Laba11\11\11\11.3\2.cpp(4,1): warning C4326: возвращаемый тип "main" должен быть "int", а не "void"
     1>E:\Основы проги и алгоритмизации(Белоед)\Лабы\Laba11\11\11\11.3\2.cpp(6,16): warning C4101: c: неиспользованная локальная переменная
       Link:
         C:\Program Files (x86)\Microsoft Visual Studio\2019\Community\VC\Tools\MSVC\14.27.29110\bin\HostX86\x86\link.exe /ERRORREPORT:PROMPT /OUT:"E:\Основы проги и алгоритмизации(Белоед)\Лабы\Laba11\11\11\Debug\11.3.exe" /INCREMENTAL /NOLOGO kernel32.lib user32.lib gdi32.lib winspool.lib comdlg32.lib advapi32.lib shell32.lib ole32.lib oleaut32.lib uuid.lib odbc32.lib odbccp32.lib /MANIFEST /MANIFESTUAC:"level='asInvoker' uiAccess='false'" /manifest:embed /DEBUG:FASTLINK /PDB:"E:\Основы проги и алгоритмизации(Белоед)\Лабы\Laba11\11\11\Debug\11.3.pdb" /SUBSYSTEM:CONSOLE /TLBID:1 /DYNAMICBASE /NXCOMPAT /IMPLIB:"E:\Основы проги и алгоритмизации(Белоед)\Лабы\Laba11\11\11\Debug\11.3.lib" /MACHINE:X86 Debug\2.obj
         11.3.vcxproj -> E:\Основы проги и алгоритмизации(Белоед)\Лабы\Laba11\11\11\Debug\11.3.exe
       FinalizeBuildStatus:
         Файл "Debug\11.3.tlog\unsuccessfulbuild" удаляется.
         Обращение к "Debug\11.3.tlog\11.3.lastbuildstate".
     1>Сборка проекта "E:\Основы проги и алгоритмизации(Белоед)\Лабы\Laba11\11\11\11.3\11.3.vcxproj" завершена (целевые объекты Build).

Сборка успешно завершена.

       "E:\Основы проги и алгоритмизации(Белоед)\Лабы\Laba11\11\11\11.3\11.3.vcxproj" (целевой объект Build ) (1) ->
       (Целевой объект ClCompile) -> 
         E:\Основы проги и алгоритмизации(Белоед)\Лабы\Laba11\11\11\11.3\2.cpp(4,1): warning C4326: возвращаемый тип "main" должен быть "int", а не "void"
         E:\Основы проги и алгоритмизации(Белоед)\Лабы\Laba11\11\11\11.3\2.cpp(6,16): warning C4101: c: неиспользованная локальная переменная

    Предупреждений: 2
    Ошибок: 0

Прошло времени 00:00:56.46
