Сборка начата 01.10.2021 16:44:34.
Уровень детализации журнала: Normal.     1>Проект "F:\Основы проги и алгоритмизации\ЛР4\4.4\4.4.vcxproj" в узле 2 (целевые объекты Build).
     1>InitializeBuildStatus:
         Создание "Debug\4.4.tlog\unsuccessfulbuild", так как было задано "AlwaysCreate".
       ClCompile:
         C:\Program Files (x86)\Microsoft Visual Studio\2019\Community\VC\Tools\MSVC\14.27.29110\bin\HostX86\x86\CL.exe /c /ZI /JMC /nologo /W3 /WX- /diagnostics:column /sdl /Od /Oy- /D WIN32 /D _DEBUG /D _CONSOLE /D _UNICODE /D UNICODE /Gm- /EHsc /RTC1 /MDd /GS /fp:precise /permissive- /Zc:wchar_t /Zc:forScope /Zc:inline /Fo"Debug\\" /Fd"Debug\vc142.pdb" /Gd /TP /analyze- /FC /errorReport:prompt 4.4.cpp
         4.4.cpp
     1>F:\Основы проги и алгоритмизации\ЛР4\4.4\4.4.cpp(4,1): warning C4326: возвращаемый тип "main" должен быть "int", а не "void"
       Link:
         C:\Program Files (x86)\Microsoft Visual Studio\2019\Community\VC\Tools\MSVC\14.27.29110\bin\HostX86\x86\link.exe /ERRORREPORT:PROMPT /OUT:"F:\Основы проги и алгоритмизации\ЛР4\Debug\4.4.exe" /INCREMENTAL /NOLOGO kernel32.lib user32.lib gdi32.lib winspool.lib comdlg32.lib advapi32.lib shell32.lib ole32.lib oleaut32.lib uuid.lib odbc32.lib odbccp32.lib /MANIFEST /MANIFESTUAC:"level='asInvoker' uiAccess='false'" /manifest:embed /DEBUG:FASTLINK /PDB:"F:\Основы проги и алгоритмизации\ЛР4\Debug\4.4.pdb" /SUBSYSTEM:CONSOLE /TLBID:1 /DYNAMICBASE /NXCOMPAT /IMPLIB:"F:\Основы проги и алгоритмизации\ЛР4\Debug\4.4.lib" /MACHINE:X86 Debug\4.4.obj
         4.4.vcxproj -> F:\Основы проги и алгоритмизации\ЛР4\Debug\4.4.exe
       FinalizeBuildStatus:
         Файл "Debug\4.4.tlog\unsuccessfulbuild" удаляется.
         Обращение к "Debug\4.4.tlog\4.4.lastbuildstate".
     1>Сборка проекта "F:\Основы проги и алгоритмизации\ЛР4\4.4\4.4.vcxproj" завершена (целевые объекты Build).

Сборка успешно завершена.

       "F:\Основы проги и алгоритмизации\ЛР4\4.4\4.4.vcxproj" (целевой объект Build ) (1) ->
       (Целевой объект ClCompile) -> 
         F:\Основы проги и алгоритмизации\ЛР4\4.4\4.4.cpp(4,1): warning C4326: возвращаемый тип "main" должен быть "int", а не "void"

    Предупреждений: 1
    Ошибок: 0

Прошло времени 00:00:24.42
