Сборка начата 19.11.2021 10:33:35.
Уровень детализации журнала: Normal.     1>Проект "C:\Users\grot0\source\repos\10\10.3\10.3.vcxproj" в узле 2 (целевые объекты Build).
     1>InitializeBuildStatus:
         Обращение к "Debug\10.3.tlog\unsuccessfulbuild".
       ClCompile:
         E:\VS\VC\Tools\MSVC\14.29.30133\bin\HostX86\x86\CL.exe /c /ZI /JMC /nologo /W3 /WX- /diagnostics:column /sdl /Od /Oy- /D WIN32 /D _DEBUG /D _CONSOLE /D _UNICODE /D UNICODE /Gm- /EHsc /RTC1 /MDd /GS /fp:precise /permissive- /Zc:wchar_t /Zc:forScope /Zc:inline /Fo"Debug\\" /Fd"Debug\vc142.pdb" /external:W3 /Gd /TP /analyze- /FC /errorReport:prompt 10.3.cpp
         10.3.cpp
     1>C:\Users\grot0\source\repos\10\10.3\10.3.cpp(6,1): warning C4326: возвращаемый тип "main" должен быть "int", а не "void"
     1>C:\Users\grot0\source\repos\10\10.3\10.3.cpp(8,10): error C2059: синтаксическая ошибка: ,
     1>C:\Users\grot0\source\repos\10\10.3\10.3.cpp(10,16): error C2065: tmp: необъявленный идентификатор
     1>C:\Users\grot0\source\repos\10\10.3\10.3.cpp(10,52): error C2065: tmp: необъявленный идентификатор
     1>C:\Users\grot0\source\repos\10\10.3\10.3.cpp(11,12): error C2065: tmp: необъявленный идентификатор
     1>C:\Users\grot0\source\repos\10\10.3\10.3.cpp(13,13): error C2065: tmp: необъявленный идентификатор
     1>C:\Users\grot0\source\repos\10\10.3\10.3.cpp(15,9): error C2065: tmp: необъявленный идентификатор
     1>Сборка проекта "C:\Users\grot0\source\repos\10\10.3\10.3.vcxproj" завершена (целевые объекты Build) с ошибкой.

Ошибка сборки.

       "C:\Users\grot0\source\repos\10\10.3\10.3.vcxproj" (целевой объект Build ) (1) ->
       (Целевой объект ClCompile) -> 
         C:\Users\grot0\source\repos\10\10.3\10.3.cpp(6,1): warning C4326: возвращаемый тип "main" должен быть "int", а не "void"


       "C:\Users\grot0\source\repos\10\10.3\10.3.vcxproj" (целевой объект Build ) (1) ->
       (Целевой объект ClCompile) -> 
         C:\Users\grot0\source\repos\10\10.3\10.3.cpp(8,10): error C2059: синтаксическая ошибка: ,
         C:\Users\grot0\source\repos\10\10.3\10.3.cpp(10,16): error C2065: tmp: необъявленный идентификатор
         C:\Users\grot0\source\repos\10\10.3\10.3.cpp(10,52): error C2065: tmp: необъявленный идентификатор
         C:\Users\grot0\source\repos\10\10.3\10.3.cpp(11,12): error C2065: tmp: необъявленный идентификатор
         C:\Users\grot0\source\repos\10\10.3\10.3.cpp(13,13): error C2065: tmp: необъявленный идентификатор
         C:\Users\grot0\source\repos\10\10.3\10.3.cpp(15,9): error C2065: tmp: необъявленный идентификатор

    Предупреждений: 1
    Ошибок: 6

Прошло времени 00:00:01.73
