Сборка начата 19.11.2021 9:46:10.
Уровень детализации журнала: Normal.     1>Проект "C:\Users\grot0\source\repos\10\10.2\10.2.vcxproj" в узле 2 (целевые объекты Build).
     1>InitializeBuildStatus:
         Создание "Debug\10.2.tlog\unsuccessfulbuild", так как было задано "AlwaysCreate".
       ClCompile:
         E:\VS\VC\Tools\MSVC\14.29.30133\bin\HostX86\x86\CL.exe /c /ZI /JMC /nologo /W3 /WX- /diagnostics:column /sdl /Od /Oy- /D WIN32 /D _DEBUG /D _CONSOLE /D _UNICODE /D UNICODE /Gm- /EHsc /RTC1 /MDd /GS /fp:precise /permissive- /Zc:wchar_t /Zc:forScope /Zc:inline /Fo"Debug\\" /Fd"Debug\vc142.pdb" /external:W3 /Gd /TP /analyze- /FC /errorReport:prompt 10.2.cpp
         10.2.cpp
     1>C:\Users\grot0\source\repos\10\10.2\10.2.cpp(4,1): warning C4326: возвращаемый тип "main" должен быть "int", а не "void"
     1>C:\Users\grot0\source\repos\10\10.2\10.2.cpp(7,9): warning C4101: n: неиспользованная локальная переменная
       Link:
         E:\VS\VC\Tools\MSVC\14.29.30133\bin\HostX86\x86\link.exe /ERRORREPORT:PROMPT /OUT:"C:\Users\grot0\source\repos\10\Debug\10.2.exe" /INCREMENTAL /ILK:"Debug\10.2.ilk" /NOLOGO kernel32.lib user32.lib gdi32.lib winspool.lib comdlg32.lib advapi32.lib shell32.lib ole32.lib oleaut32.lib uuid.lib odbc32.lib odbccp32.lib /MANIFEST /MANIFESTUAC:"level='asInvoker' uiAccess='false'" /manifest:embed /DEBUG /PDB:"C:\Users\grot0\source\repos\10\Debug\10.2.pdb" /SUBSYSTEM:CONSOLE /TLBID:1 /DYNAMICBASE /NXCOMPAT /IMPLIB:"C:\Users\grot0\source\repos\10\Debug\10.2.lib" /MACHINE:X86 Debug\10.2.obj
         10.2.vcxproj -> C:\Users\grot0\source\repos\10\Debug\10.2.exe
       FinalizeBuildStatus:
         Файл "Debug\10.2.tlog\unsuccessfulbuild" удаляется.
         Обращение к "Debug\10.2.tlog\10.2.lastbuildstate".
     1>Сборка проекта "C:\Users\grot0\source\repos\10\10.2\10.2.vcxproj" завершена (целевые объекты Build).

Сборка успешно завершена.

       "C:\Users\grot0\source\repos\10\10.2\10.2.vcxproj" (целевой объект Build ) (1) ->
       (Целевой объект ClCompile) -> 
         C:\Users\grot0\source\repos\10\10.2\10.2.cpp(4,1): warning C4326: возвращаемый тип "main" должен быть "int", а не "void"
         C:\Users\grot0\source\repos\10\10.2\10.2.cpp(7,9): warning C4101: n: неиспользованная локальная переменная

    Предупреждений: 2
    Ошибок: 0

Прошло времени 00:00:01.67
