Сборка начата 26.11.2021 12:07:43.
Уровень детализации журнала: Normal.     1>Проект "C:\Users\grot0\source\repos\12.1\12\12.vcxproj" в узле 2 (целевые объекты Build).
     1>InitializeBuildStatus:
         Создание "Debug\12.tlog\unsuccessfulbuild", так как было задано "AlwaysCreate".
       ClCompile:
         E:\VS\VC\Tools\MSVC\14.29.30133\bin\HostX86\x86\CL.exe /c /ZI /JMC /nologo /W3 /WX- /diagnostics:column /sdl /Od /Oy- /D WIN32 /D _DEBUG /D _CONSOLE /D _UNICODE /D UNICODE /Gm- /EHsc /RTC1 /MDd /GS /fp:precise /permissive- /Zc:wchar_t /Zc:forScope /Zc:inline /Fo"Debug\\" /Fd"Debug\vc142.pdb" /external:W3 /Gd /TP /analyze- /FC /errorReport:prompt 12.1.cpp
         12.1.cpp
     1>C:\Users\grot0\source\repos\12.1\12\12.1.cpp(4,1): warning C4326: возвращаемый тип "main" должен быть "int", а не "void"
       Link:
         E:\VS\VC\Tools\MSVC\14.29.30133\bin\HostX86\x86\link.exe /ERRORREPORT:PROMPT /OUT:"C:\Users\grot0\source\repos\12.1\Debug\12.exe" /INCREMENTAL /ILK:"Debug\12.ilk" /NOLOGO kernel32.lib user32.lib gdi32.lib winspool.lib comdlg32.lib advapi32.lib shell32.lib ole32.lib oleaut32.lib uuid.lib odbc32.lib odbccp32.lib /MANIFEST /MANIFESTUAC:"level='asInvoker' uiAccess='false'" /manifest:embed /DEBUG /PDB:"C:\Users\grot0\source\repos\12.1\Debug\12.pdb" /SUBSYSTEM:CONSOLE /TLBID:1 /DYNAMICBASE /NXCOMPAT /IMPLIB:"C:\Users\grot0\source\repos\12.1\Debug\12.lib" /MACHINE:X86 Debug\12.1.obj
         12.vcxproj -> C:\Users\grot0\source\repos\12.1\Debug\12.exe
       FinalizeBuildStatus:
         Файл "Debug\12.tlog\unsuccessfulbuild" удаляется.
         Обращение к "Debug\12.tlog\12.lastbuildstate".
     1>Сборка проекта "C:\Users\grot0\source\repos\12.1\12\12.vcxproj" завершена (целевые объекты Build).

Сборка успешно завершена.

       "C:\Users\grot0\source\repos\12.1\12\12.vcxproj" (целевой объект Build ) (1) ->
       (Целевой объект ClCompile) -> 
         C:\Users\grot0\source\repos\12.1\12\12.1.cpp(4,1): warning C4326: возвращаемый тип "main" должен быть "int", а не "void"

    Предупреждений: 1
    Ошибок: 0

Прошло времени 00:00:01.96
